<?xml version="1.0" encoding="UTF-8"?>
<!-- Generated by org.testng.reporters.JUnitReportReporter -->
<testsuite skipped="0" hostname="PRO-LAP-495" name="HowAreYou_Tests.HowAreYou_Quiz" tests="1" failures="0" timestamp="09 Mar 2020 16:08:17 GMT" time="156.255" errors="0">
  <testcase name="HowAreQuizTest" time="156.255" classname="HowAreYou_Tests.HowAreYou_Quiz"/>
</testsuite> <!-- HowAreYou_Tests.HowAreYou_Quiz -->
