<?xml version="1.0" encoding="UTF-8"?>
<!-- Generated by org.testng.reporters.JUnitReportReporter -->
<testsuite skipped="0" hostname="DELLG02BWX1" name="HowAreYou_Tests.HowAreYou_Quiz" tests="1" failures="0" timestamp="09 Mar 2020 12:42:49 GMT" time="46.091" errors="0">
  <testcase name="HowAreQuizTest" time="46.091" classname="HowAreYou_Tests.HowAreYou_Quiz"/>
</testsuite> <!-- HowAreYou_Tests.HowAreYou_Quiz -->
